# JRE version: OpenJDK Runtime Environment (17.0.7) (build 17.0.7+0-b2043.56-10550314)
# Java VM: OpenJDK 64-Bit Server VM (17.0.7+0-b2043.56-10550314, mixed mode, tiered, compressed oops, compressed class ptrs, g1 gc, windows-amd64)
GC Precious Log:
 CPUs: 4 total, 4 available
 Memory: 8083M
 Large Page Support: Disabled
 NUMA Support: Disabled
 Compressed Oops: Enabled (32-bit)
 Heap Region Size: 1M
 Heap Min Capacity: 8M
 Heap Initial Capacity: 128M
 Heap Max Capacity: 2022M
 Pre-touch: Disabled
 Parallel Workers: 4
 Concurrent Workers: 1
 Concurrent Refinement Workers: 4
 Periodic GC: Disabled
Heap:
 garbage-first heap   total 131072K, used 59103K [0x0000000081a00000, 0x0000000100000000)
  region size 1024K, 1 young (1024K), 1 survivors (1024K)
 Metaspace       used 65878K, committed 66176K, reserved 1114112K
  class space    used 7744K, committed 7872K, reserved 1048576K
GC Heap History (20 events):
Event: 11.836 GC heap after
{Heap after GC invocations=14 (full 0):
 garbage-first heap   total 75776K, used 38113K [0x0000000081a00000, 0x0000000100000000)
  region size 1024K, 2 young (2048K), 2 survivors (2048K)
 Metaspace       used 55697K, committed 56000K, reserved 1114112K
  class space    used 6657K, committed 6784K, reserved 1048576K
}
Event: 12.724 GC heap before
{Heap before GC invocations=15 (full 0):
 garbage-first heap   total 75776K, used 57569K [0x0000000081a00000, 0x0000000100000000)
  region size 1024K, 21 young (21504K), 2 survivors (2048K)
 Metaspace       used 58269K, committed 58624K, reserved 1114112K
  class space    used 7005K, committed 7168K, reserved 1048576K
}
Event: 12.736 GC heap after
{Heap after GC invocations=16 (full 0):
 garbage-first heap   total 75776K, used 42028K [0x0000000081a00000, 0x0000000100000000)
  region size 1024K, 3 young (3072K), 3 survivors (3072K)
 Metaspace       used 58269K, committed 58624K, reserved 1114112K
  class space    used 7005K, committed 7168K, reserved 1048576K
}
Event: 13.228 GC heap before
{Heap before GC invocations=16 (full 0):
 garbage-first heap   total 75776K, used 57388K [0x0000000081a00000, 0x0000000100000000)
  region size 1024K, 19 young (19456K), 3 survivors (3072K)
 Metaspace       used 59216K, committed 59520K, reserved 1114112K
  class space    used 7106K, committed 7232K, reserved 1048576K
}
Event: 13.239 GC heap after
{Heap after GC invocations=17 (full 0):
 garbage-first heap   total 75776K, used 44304K [0x0000000081a00000, 0x0000000100000000)
  region size 1024K, 2 young (2048K), 2 survivors (2048K)
 Metaspace       used 59216K, committed 59520K, reserved 1114112K
  class space    used 7106K, committed 7232K, reserved 1048576K
}
Event: 14.064 GC heap before
{Heap before GC invocations=18 (full 0):
 garbage-first heap   total 76800K, used 59664K [0x0000000081a00000, 0x0000000100000000)
  region size 1024K, 17 young (17408K), 2 survivors (2048K)
 Metaspace       used 60413K, committed 60736K, reserved 1114112K
  class space    used 7203K, committed 7360K, reserved 1048576K
}
Event: 14.074 GC heap after
{Heap after GC invocations=19 (full 0):
 garbage-first heap   total 76800K, used 46981K [0x0000000081a00000, 0x0000000100000000)
  region size 1024K, 3 young (3072K), 3 survivors (3072K)
 Metaspace       used 60413K, committed 60736K, reserved 1114112K
  class space    used 7203K, committed 7360K, reserved 1048576K
}
Event: 14.127 GC heap before
{Heap before GC invocations=19 (full 0):
 garbage-first heap   total 76800K, used 48005K [0x0000000081a00000, 0x0000000100000000)
  region size 1024K, 4 young (4096K), 3 survivors (3072K)
 Metaspace       used 60506K, committed 60800K, reserved 1114112K
  class space    used 7210K, committed 7360K, reserved 1048576K
}
Event: 14.137 GC heap after
{Heap after GC invocations=20 (full 0):
 garbage-first heap   total 92160K, used 47368K [0x0000000081a00000, 0x0000000100000000)
  region size 1024K, 1 young (1024K), 1 survivors (1024K)
 Metaspace       used 60506K, committed 60800K, reserved 1114112K
  class space    used 7210K, committed 7360K, reserved 1048576K
}
Event: 14.722 GC heap before
{Heap before GC invocations=20 (full 0):
 garbage-first heap   total 92160K, used 69896K [0x0000000081a00000, 0x0000000100000000)
  region size 1024K, 24 young (24576K), 1 survivors (1024K)
 Metaspace       used 60797K, committed 61056K, reserved 1114112K
  class space    used 7228K, committed 7360K, reserved 1048576K
}
Event: 14.732 GC heap after
{Heap after GC invocations=21 (full 0):
 garbage-first heap   total 92160K, used 51701K [0x0000000081a00000, 0x0000000100000000)
  region size 1024K, 3 young (3072K), 3 survivors (3072K)
 Metaspace       used 60797K, committed 61056K, reserved 1114112K
  class space    used 7228K, committed 7360K, reserved 1048576K
}
Event: 15.334 GC heap before
{Heap before GC invocations=22 (full 0):
 garbage-first heap   total 92160K, used 72181K [0x0000000081a00000, 0x0000000100000000)
  region size 1024K, 23 young (23552K), 3 survivors (3072K)
 Metaspace       used 61135K, committed 61376K, reserved 1114112K
  class space    used 7249K, committed 7360K, reserved 1048576K
}
Event: 15.348 GC heap after
{Heap after GC invocations=23 (full 0):
 garbage-first heap   total 92160K, used 54931K [0x0000000081a00000, 0x0000000100000000)
  region size 1024K, 3 young (3072K), 3 survivors (3072K)
 Metaspace       used 61135K, committed 61376K, reserved 1114112K
  class space    used 7249K, committed 7360K, reserved 1048576K
}
Event: 15.351 GC heap before
{Heap before GC invocations=23 (full 0):
 garbage-first heap   total 92160K, used 55955K [0x0000000081a00000, 0x0000000100000000)
  region size 1024K, 4 young (4096K), 3 survivors (3072K)
 Metaspace       used 61136K, committed 61376K, reserved 1114112K
  class space    used 7249K, committed 7360K, reserved 1048576K
}
Event: 15.360 GC heap after
{Heap after GC invocations=24 (full 0):
 garbage-first heap   total 92160K, used 54823K [0x0000000081a00000, 0x0000000100000000)
  region size 1024K, 1 young (1024K), 1 survivors (1024K)
 Metaspace       used 61136K, committed 61376K, reserved 1114112K
  class space    used 7249K, committed 7360K, reserved 1048576K
}
Event: 16.230 GC heap before
{Heap before GC invocations=24 (full 0):
 garbage-first heap   total 92160K, used 73255K [0x0000000081a00000, 0x0000000100000000)
  region size 1024K, 19 young (19456K), 1 survivors (1024K)
 Metaspace       used 63943K, committed 64192K, reserved 1114112K
  class space    used 7627K, committed 7744K, reserved 1048576K
}
Event: 16.237 GC heap after
{Heap after GC invocations=25 (full 0):
 garbage-first heap   total 92160K, used 56126K [0x0000000081a00000, 0x0000000100000000)
  region size 1024K, 2 young (2048K), 2 survivors (2048K)
 Metaspace       used 63943K, committed 64192K, reserved 1114112K
  class space    used 7627K, committed 7744K, reserved 1048576K
}
Event: 17.364 GC heap before
{Heap before GC invocations=26 (full 0):
 garbage-first heap   total 99328K, used 73534K [0x0000000081a00000, 0x0000000100000000)
  region size 1024K, 19 young (19456K), 2 survivors (2048K)
 Metaspace       used 65653K, committed 65984K, reserved 1114112K
  class space    used 7714K, committed 7872K, reserved 1048576K
}
Event: 17.375 GC heap after
{Heap after GC invocations=27 (full 0):
 garbage-first heap   total 99328K, used 58922K [0x0000000081a00000, 0x0000000100000000)
  region size 1024K, 3 young (3072K), 3 survivors (3072K)
 Metaspace       used 65653K, committed 65984K, reserved 1114112K
  class space    used 7714K, committed 7872K, reserved 1048576K
}
Event: 17.435 GC heap before
{Heap before GC invocations=27 (full 0):
 garbage-first heap   total 99328K, used 59946K [0x0000000081a00000, 0x0000000100000000)
  region size 1024K, 4 young (4096K), 3 survivors (3072K)
 Metaspace       used 65878K, committed 66176K, reserved 1114112K
  class space    used 7744K, committed 7872K, reserved 1048576K
}

